Determining if the pthread_create exist failed with the following output:
Change Dir: /home/fanus/Documents/Projects/Git/axefor-5/S0017D/Half-Edge/foo/CMakeFiles/CMakeTmp

Run Build Command:"/usr/bin/make" "cmTC_6e69a/fast"
/usr/bin/make -f CMakeFiles/cmTC_6e69a.dir/build.make CMakeFiles/cmTC_6e69a.dir/build
make[1]: Entering directory '/home/fanus/Documents/Projects/Git/axefor-5/S0017D/Half-Edge/foo/CMakeFiles/CMakeTmp'
Building C object CMakeFiles/cmTC_6e69a.dir/CheckSymbolExists.c.o
/usr/bin/cc    -o CMakeFiles/cmTC_6e69a.dir/CheckSymbolExists.c.o   -c /home/fanus/Documents/Projects/Git/axefor-5/S0017D/Half-Edge/foo/CMakeFiles/CMakeTmp/CheckSymbolExists.c
Linking C executable cmTC_6e69a
/usr/bin/cmake -E cmake_link_script CMakeFiles/cmTC_6e69a.dir/link.txt --verbose=1
/usr/bin/cc      -rdynamic CMakeFiles/cmTC_6e69a.dir/CheckSymbolExists.c.o  -o cmTC_6e69a 
CMakeFiles/cmTC_6e69a.dir/CheckSymbolExists.c.o: In function `main':
CheckSymbolExists.c:(.text+0x1b): undefined reference to `pthread_create'
collect2: error: ld returned 1 exit status
CMakeFiles/cmTC_6e69a.dir/build.make:97: recipe for target 'cmTC_6e69a' failed
make[1]: *** [cmTC_6e69a] Error 1
make[1]: Leaving directory '/home/fanus/Documents/Projects/Git/axefor-5/S0017D/Half-Edge/foo/CMakeFiles/CMakeTmp'
Makefile:126: recipe for target 'cmTC_6e69a/fast' failed
make: *** [cmTC_6e69a/fast] Error 2

File /home/fanus/Documents/Projects/Git/axefor-5/S0017D/Half-Edge/foo/CMakeFiles/CMakeTmp/CheckSymbolExists.c:
/* */
#include <pthread.h>

int main(int argc, char** argv)
{
  (void)argv;
#ifndef pthread_create
  return ((int*)(&pthread_create))[argc];
#else
  (void)argc;
  return 0;
#endif
}

Determining if the function pthread_create exists in the pthreads failed with the following output:
Change Dir: /home/fanus/Documents/Projects/Git/axefor-5/S0017D/Half-Edge/foo/CMakeFiles/CMakeTmp

Run Build Command:"/usr/bin/make" "cmTC_74bfe/fast"
/usr/bin/make -f CMakeFiles/cmTC_74bfe.dir/build.make CMakeFiles/cmTC_74bfe.dir/build
make[1]: Entering directory '/home/fanus/Documents/Projects/Git/axefor-5/S0017D/Half-Edge/foo/CMakeFiles/CMakeTmp'
Building C object CMakeFiles/cmTC_74bfe.dir/CheckFunctionExists.c.o
/usr/bin/cc   -DCHECK_FUNCTION_EXISTS=pthread_create   -o CMakeFiles/cmTC_74bfe.dir/CheckFunctionExists.c.o   -c /usr/share/cmake-3.10/Modules/CheckFunctionExists.c
Linking C executable cmTC_74bfe
/usr/bin/cmake -E cmake_link_script CMakeFiles/cmTC_74bfe.dir/link.txt --verbose=1
/usr/bin/cc  -DCHECK_FUNCTION_EXISTS=pthread_create    -rdynamic CMakeFiles/cmTC_74bfe.dir/CheckFunctionExists.c.o  -o cmTC_74bfe -lpthreads 
/usr/bin/x86_64-linux-gnu-ld: cannot find -lpthreads
collect2: error: ld returned 1 exit status
CMakeFiles/cmTC_74bfe.dir/build.make:97: recipe for target 'cmTC_74bfe' failed
make[1]: *** [cmTC_74bfe] Error 1
make[1]: Leaving directory '/home/fanus/Documents/Projects/Git/axefor-5/S0017D/Half-Edge/foo/CMakeFiles/CMakeTmp'
Makefile:126: recipe for target 'cmTC_74bfe/fast' failed
make: *** [cmTC_74bfe/fast] Error 2


Determining if the function glXGetProcAddressEXT exists failed with the following output:
Change Dir: /home/fanus/Documents/Projects/Git/axefor-5/S0017D/Half-Edge/foo/CMakeFiles/CMakeTmp

Run Build Command:"/usr/bin/make" "cmTC_ff541/fast"
/usr/bin/make -f CMakeFiles/cmTC_ff541.dir/build.make CMakeFiles/cmTC_ff541.dir/build
make[1]: Entering directory '/home/fanus/Documents/Projects/Git/axefor-5/S0017D/Half-Edge/foo/CMakeFiles/CMakeTmp'
Building C object CMakeFiles/cmTC_ff541.dir/CheckFunctionExists.c.o
/usr/bin/cc   -DCHECK_FUNCTION_EXISTS=glXGetProcAddressEXT   -o CMakeFiles/cmTC_ff541.dir/CheckFunctionExists.c.o   -c /usr/share/cmake-3.10/Modules/CheckFunctionExists.c
Linking C executable cmTC_ff541
/usr/bin/cmake -E cmake_link_script CMakeFiles/cmTC_ff541.dir/link.txt --verbose=1
/usr/bin/cc  -DCHECK_FUNCTION_EXISTS=glXGetProcAddressEXT    -rdynamic CMakeFiles/cmTC_ff541.dir/CheckFunctionExists.c.o  -o cmTC_ff541 /usr/lib/x86_64-linux-gnu/libGL.so 
CMakeFiles/cmTC_ff541.dir/CheckFunctionExists.c.o: In function `main':
CheckFunctionExists.c:(.text+0x10): undefined reference to `glXGetProcAddressEXT'
collect2: error: ld returned 1 exit status
CMakeFiles/cmTC_ff541.dir/build.make:98: recipe for target 'cmTC_ff541' failed
make[1]: *** [cmTC_ff541] Error 1
make[1]: Leaving directory '/home/fanus/Documents/Projects/Git/axefor-5/S0017D/Half-Edge/foo/CMakeFiles/CMakeTmp'
Makefile:126: recipe for target 'cmTC_ff541/fast' failed
make: *** [cmTC_ff541/fast] Error 2


